[INFO] Scanning for projects...
[INFO] ------------------------------------------------------------------------
[INFO] Reactor Build Order:
[INFO] 
[INFO] JEECG BOOT 3.8.3                                                   [pom]
[INFO] jeecg-boot-base-core                                               [jar]
[INFO] jeecg-module-system                                                [pom]
[INFO] jeecg-system-api                                                   [pom]
[INFO] jeecg-system-local-api                                             [jar]
[INFO] jeecg-boot-module                                                  [pom]
[INFO] jeecg-boot-module-airag                                            [jar]
[INFO] jeecg-boot-module-campusqa                                         [jar]
[INFO] jeecg-system-biz                                                   [jar]
[INFO] jeecg-module-demo                                                  [jar]
[INFO] jeecg-system-start                                                 [jar]
[INFO] 
[INFO] -------------< org.jeecgframework.boot:jeecg-boot-parent >--------------
[INFO] Building JEECG BOOT 3.8.3 3.8.3                                   [1/11]
[INFO] --------------------------------[ pom ]---------------------------------
[INFO] 
[INFO] >>> spring-boot-maven-plugin:2.7.18:run (default-cli) > test-compile @ jeecg-boot-parent >>>
[INFO] 
[INFO] <<< spring-boot-maven-plugin:2.7.18:run (default-cli) < test-compile @ jeecg-boot-parent <<<
[INFO] 
[INFO] 
[INFO] --- spring-boot-maven-plugin:2.7.18:run (default-cli) @ jeecg-boot-parent ---
[INFO] ------------------------------------------------------------------------
[INFO] Reactor Summary for JEECG BOOT 3.8.3 3.8.3:
[INFO] 
[INFO] JEECG BOOT 3.8.3 ................................... FAILURE [  0.411 s]
[INFO] jeecg-boot-base-core ............................... SKIPPED
[INFO] jeecg-module-system ................................ SKIPPED
[INFO] jeecg-system-api ................................... SKIPPED
[INFO] jeecg-system-local-api ............................. SKIPPED
[INFO] jeecg-boot-module .................................. SKIPPED
[INFO] jeecg-boot-module-airag ............................ SKIPPED
[INFO] jeecg-boot-module-campusqa ......................... SKIPPED
[INFO] jeecg-system-biz ................................... SKIPPED
[INFO] jeecg-module-demo .................................. SKIPPED
[INFO] jeecg-system-start ................................. SKIPPED
[INFO] ------------------------------------------------------------------------
[INFO] BUILD FAILURE
[INFO] ------------------------------------------------------------------------
[INFO] Total time:  1.002 s
[INFO] Finished at: 2026-02-22T11:51:04+08:00
[INFO] ------------------------------------------------------------------------
[ERROR] Failed to execute goal org.springframework.boot:spring-boot-maven-plugin:2.7.18:run (default-cli) on project jeecg-boot-parent: Unable to find a suitable main class, please add a 'mainClass' property -> [Help 1]
[ERROR] 
[ERROR] To see the full stack trace of the errors, re-run Maven with the -e switch.
[ERROR] Re-run Maven using the -X switch to enable full debug logging.
[ERROR] 
[ERROR] For more information about the errors and possible solutions, please read the following articles:
[ERROR] [Help 1] http://cwiki.apache.org/confluence/display/MAVEN/MojoExecutionException
